false	0.4680
false	0.4476
false	0.4521
false	0.4496
false	0.4449
false	0.4484
false	0.4723
false	0.4717
false	0.4687
false	0.4716
false	0.4537
false	0.4623
false	0.4552
false	0.4535
false	0.4582
false	0.4691
false	0.4778
false	0.4507
false	0.4898
false	0.4718
false	0.4654
false	0.4815
false	0.4715
false	0.4770
false	0.4452
false	0.4651
false	0.4595
true	0.5962
false	0.4458
false	0.4558
false	0.4641
false	0.3570
true	0.5736
true	0.5772
false	0.4516
false	0.4544
false	0.3419
false	0.3425
false	0.3496
false	0.4652
false	0.3491
false	0.3495
false	0.4726
false	0.3464
false	0.3497
true	0.5757
false	0.4838
false	0.3491
false	0.4626
false	0.3517
false	0.4772
false	0.3491
false	0.4502
false	0.3574
false	0.3570
false	0.4774
false	0.3492
true	0.7028
false	0.4535
false	0.4622
false	0.3460
false	0.3423
false	0.3489
false	0.3463
false	0.3490
false	0.3437
false	0.3493
false	0.3492
false	0.4547
false	0.3520
false	0.3564
false	0.3405
false	0.3469
false	0.3429
false	0.2493
false	0.3521
false	0.4667
false	0.3628
false	0.2481
false	0.4626
false	0.3444
false	0.4673
false	0.3640
false	0.3460
false	0.3437
false	0.3470
false	0.3587
false	0.4830
false	0.3535
false	0.3494
false	0.4697
false	0.4616
false	0.3439
false	0.4528
false	0.4698
false	0.4740
false	0.3472
false	0.4634
false	0.3426
false	0.4694
false	0.3446
false	0.3461
false	0.4500
false	0.3491
false	0.3440
false	0.3416
false	0.2484
true	0.5963
false	0.4827
false	0.4825
false	0.4827
false	0.4649
true	0.5620
false	0.3470
false	0.3468
false	0.4665
false	0.4617
false	0.3434
false	0.3463
false	0.4563
false	0.3441
false	0.4562
false	0.4724
false	0.4817
false	0.2486
false	0.2479
false	0.2484
false	0.3455
false	0.3478
false	0.3565
false	0.3470
false	0.4234
false	0.3546
false	0.3486
false	0.3435
false	0.3466
false	0.3456
false	0.3463
false	0.3497
false	0.3504
false	0.3496
false	0.3527
false	0.3747
false	0.3633
false	0.3521
false	0.3401
false	0.3497
false	0.3519
false	0.3516
false	0.3564
false	0.3497
false	0.3436
false	0.4838
false	0.3562
false	0.4739
false	0.3627
false	0.3563
false	0.3559
false	0.3516
false	0.2475
false	0.3570
false	0.3466
false	0.3434
false	0.3516
false	0.3497
false	0.3484
false	0.3521
false	0.3446
true	0.6193
false	0.3727
false	0.3638
false	0.3630
false	0.3498
false	0.3625
false	0.4607
false	0.3488
false	0.3410
false	0.3435
false	0.3406
false	0.3425
false	0.3491
false	0.3453
false	0.3479
false	0.3463
false	0.3458
false	0.3519
false	0.3456
false	0.3566
false	0.3495
false	0.4607
false	0.3564
false	0.3630
false	0.3460
false	0.3465
false	0.3474
false	0.3463
false	0.3487
false	0.3516
false	0.3450
false	0.3446
false	0.3402
false	0.3448
false	0.2481
false	0.3500
false	0.3438
false	0.3490
false	0.3487
false	0.3431
false	0.3532
false	0.3522
false	0.3499
false	0.3459
false	0.3534
false	0.3429
false	0.3428
false	0.3479
false	0.3473
false	0.3541
false	0.3630
false	0.3527
false	0.3533
false	0.3437
false	0.3495
false	0.4504
false	0.4819
false	0.4967
false	0.4571
false	0.4528
false	0.4500
false	0.4633
false	0.4723
false	0.4651
false	0.4532
false	0.4557
false	0.4660
false	0.4671
false	0.4650
false	0.4652
false	0.4615
false	0.4648
false	0.4496
false	0.4600
false	0.4563
false	0.4627
false	0.4728
false	0.4733
false	0.4979
false	0.4491
false	0.4830
false	0.4628
false	0.4591
false	0.4724
false	0.4501
false	0.4794
false	0.3483
true	0.6254
false	0.4677
false	0.4527
false	0.4533
false	0.3590
false	0.3531
false	0.3541
true	0.6253
false	0.4786
false	0.3589
false	0.3594
true	0.5943
false	0.4595
false	0.3492
true	0.5618
true	0.6102
false	0.4713
false	0.4912
false	0.3533
false	0.3462
false	0.3522
false	0.3494
false	0.4840
false	0.4909
false	0.4835
false	0.3577
false	0.3567
false	0.3475
false	0.3527
false	0.3592
false	0.3733
false	0.3564
false	0.3567
false	0.3492
false	0.3496
false	0.3476
false	0.4493
false	0.3465
false	0.3636
false	0.3486
false	0.3897
false	0.3587
false	0.3574
false	0.4601
false	0.4612
false	0.4575
false	0.4608
false	0.4661
false	0.4741
false	0.4654
false	0.4665
false	0.4564
false	0.4620
false	0.4557
false	0.4472
false	0.4663
false	0.4597
false	0.4722
false	0.4557
true	0.6106
false	0.4834
false	0.4594
true	0.6066
false	0.4592
true	0.5774
true	0.5812
false	0.4720
false	0.4634
false	0.4511
false	0.4805
false	0.4537
false	0.4547
false	0.4717
false	0.4605
false	0.4730
false	0.4639
false	0.4719
false	0.4711
false	0.4661
false	0.4941
false	0.4948
false	0.4806
true	0.5855
false	0.4711
false	0.4710
false	0.4634
false	0.4641
false	0.4713
false	0.4505
false	0.3459
false	0.3422
false	0.3470
false	0.3474
false	0.3414
false	0.3412
false	0.3570
false	0.3439
false	0.3461
false	0.3421
false	0.3433
false	0.3515
false	0.3466
false	0.3818
false	0.3589
false	0.3822
false	0.3449
false	0.3549
false	0.3449
false	0.3420
false	0.3408
false	0.3436
false	0.3534
true	0.6766
true	0.5728
true	0.6741
true	0.7547
true	0.8648
true	0.5615
true	0.8455
true	0.5687
true	0.5806
true	0.7070
true	0.6933
false	0.4591
false	0.4555
true	0.5693
true	0.5758
true	0.7893
false	0.4731
true	0.7101
true	0.7250
true	0.7382
false	0.4605
true	0.6259
true	0.6912
false	0.4598
true	0.6984
true	0.7655
true	0.6961
true	0.8588
true	0.6970
true	0.7097
true	0.5965
true	0.7472
true	0.7086
true	0.7093
true	0.7090
true	0.5969
true	0.6803
true	0.8686
true	0.7650
true	0.7792
true	0.6815
true	0.6977
true	0.5860
false	0.4513
false	0.2504
false	0.3483
false	0.2512
false	0.2483
false	0.4561
true	0.5858
false	0.4788
false	0.4552
true	0.5653
false	0.4738
false	0.4835
false	0.3405
false	0.3454
false	0.4971
false	0.3531
false	0.4623
true	0.5111
false	0.3497
false	0.3467
false	0.4628
false	0.4468
false	0.3440
false	0.3421
false	0.3542
false	0.3477
false	0.3730
false	0.3733
false	0.3575
false	0.3609
false	0.3589
false	0.3512
false	0.3899
false	0.3533
false	0.3527
false	0.3569
false	0.3428
false	0.3596
false	0.3525
false	0.3631
false	0.3529
false	0.3688
false	0.3586
false	0.3468
false	0.3633
false	0.3594
false	0.3732
false	0.3561
true	0.6782
false	0.4555
false	0.4458
true	0.7781
false	0.4504
true	0.7694
false	0.4553
false	0.4562
true	0.6846
true	0.6716
true	0.5784
false	0.4569
false	0.4526
false	0.4654
false	0.3435
false	0.4512
false	0.4546
false	0.4597
false	0.4564
false	0.4698
false	0.4695
false	0.4801
true	0.5946
false	0.4791
true	0.5823
false	0.4565
false	0.4533
true	0.6751
false	0.4618
false	0.3538
false	0.3503
false	0.3476
false	0.3588
false	0.3437
false	0.3631
false	0.4687
false	0.3586
false	0.3493
false	0.3494
false	0.2479
false	0.3492
false	0.3492
false	0.3570
false	0.3444
false	0.3459
false	0.4613
false	0.3553
false	0.3434
false	0.3528
false	0.3526
false	0.3528
false	0.3533
false	0.3588
false	0.3592
false	0.3462
true	0.5612
false	0.4563
false	0.4616
true	0.5849
true	0.6112
true	0.5766
true	0.6090
true	0.5821
true	0.5834
true	0.5817
false	0.4824
false	0.4652
true	0.5790
false	0.4595
false	0.4593
false	0.4593
false	0.4598
false	0.4462
true	0.7670
true	0.5722
true	0.6111
false	0.3468
true	0.5766
false	0.3437
true	0.7093
true	0.6960
false	0.3468
false	0.3457
true	0.6060
true	0.5822
true	0.6738
true	0.6758
true	0.6835
true	0.5778
false	0.4567
true	0.5835
false	0.4583
true	0.6115
true	0.5753
true	0.5761
true	0.5959
true	0.7208
true	0.5981
true	0.7254
false	0.4515
false	0.4651
false	0.2489
false	0.2477
false	0.3442
false	0.3427
false	0.3421
false	0.3518
false	0.3460
false	0.3487
false	0.3441
false	0.4530
false	0.2495
false	0.2478
false	0.2485
false	0.4447
false	0.3586
false	0.3406
false	0.3889
false	0.3558
false	0.3444
false	0.3463
false	0.2480
false	0.3448
false	0.3500
false	0.3434
false	0.3472
false	0.2488
false	0.4731
false	0.3568
false	0.4572
false	0.3467
false	0.4607
false	0.3567
false	0.3638
false	0.3565
false	0.4705
false	0.3518
false	0.3592
false	0.3481
false	0.3439
false	0.3503
false	0.3532
false	0.3585
false	0.3522
false	0.3476
true	0.5114
false	0.3460
false	0.3463
false	0.3565
false	0.3501
false	0.3563
false	0.3517
false	0.3500
false	0.3448
false	0.3425
false	0.3563
false	0.3515
false	0.3464
false	0.3630
false	0.3517
false	0.3491
false	0.3495
false	0.3567
false	0.3524
false	0.3458
false	0.3564
false	0.3564
false	0.3463
false	0.3563
false	0.3498
true	0.7541
true	0.5674
true	0.5577
false	0.4455
true	0.5743
true	0.5606
true	0.7801
true	0.7577
true	0.8323
true	0.7752
true	0.7592
true	0.7706
true	0.6579
true	0.7112
true	0.6982
true	0.7882
false	0.4589
true	0.5777
true	0.6867
true	0.6931
true	0.6681
true	0.5549
true	0.6789
false	0.4617
true	0.5718
false	0.4620
false	0.4572
false	0.4601
false	0.4577
false	0.4722
false	0.4565
false	0.3452
false	0.4441
false	0.4621
false	0.4685
false	0.4661
false	0.4596
false	0.4512
false	0.4516
false	0.4531
false	0.4552
false	0.4549
false	0.4473
false	0.4536
false	0.4823
false	0.4648
false	0.4722
false	0.4689
false	0.4598
false	0.4596
false	0.4823
true	0.6301
true	0.6068
false	0.4830
true	0.5804
false	0.4660
true	0.6303
true	0.5840
true	0.6761
false	0.4578
false	0.4535
true	0.6842
true	0.5696
true	0.5590
true	0.5631
true	0.6104
true	0.5795
true	0.5708
true	0.5648
false	0.4618
false	0.4721
false	0.4626
true	0.5965
true	0.5741
false	0.4411
false	0.4523
true	0.6111
false	0.4723
false	0.3561
false	0.3633
false	0.4969
false	0.3523
false	0.3489
false	0.3532
false	0.3727
false	0.3567
false	0.3563
false	0.3563
false	0.3563
false	0.4690
false	0.3638
false	0.3482
false	0.4798
false	0.3498
false	0.3633
false	0.3504
false	0.3640
false	0.4683
false	0.3566
false	0.3481
false	0.3634
false	0.4701
false	0.4551
false	0.4551
false	0.4656
false	0.4486
false	0.4725
false	0.3526
false	0.4605
false	0.4737
false	0.3467
false	0.4815
false	0.4824
false	0.4753
false	0.4962
false	0.3631
false	0.4910
false	0.4824
false	0.3564
false	0.3502
false	0.3528
false	0.4828
false	0.4511
false	0.4820
false	0.4720
false	0.4724
false	0.4735
false	0.3636
false	0.4529
false	0.4605
false	0.4821
false	0.4557
false	0.4734
false	0.4967
false	0.4963
false	0.4619
false	0.4821
false	0.4960
false	0.4743
false	0.4588
false	0.4728
false	0.4729
false	0.4820
false	0.4597
false	0.4649
false	0.4649
true	0.5962
false	0.4652
false	0.4616
false	0.4739
false	0.4627
false	0.4825
false	0.4607
false	0.4826
false	0.4588
false	0.4526
false	0.4646
true	0.5980
false	0.4823
false	0.4831
false	0.4912
false	0.4908
false	0.4726
false	0.4778
false	0.4657
false	0.4665
false	0.4631
false	0.4729
false	0.4542
false	0.4562
false	0.4587
false	0.4551
true	0.5193
false	0.4607
false	0.4653
false	0.4778
false	0.4496
false	0.4662
false	0.4606
false	0.3598
false	0.3595
false	0.4825
false	0.3451
false	0.3421
false	0.3410
false	0.3519
false	0.3518
false	0.3518
false	0.3433
false	0.3478
false	0.3472
false	0.3475
false	0.3445
false	0.3568
false	0.3458
false	0.3482
false	0.3513
false	0.3379
false	0.3431
false	0.3443
false	0.3436
false	0.3640
false	0.3531
false	0.3553
false	0.3582
false	0.4690
false	0.4682
false	0.4568
false	0.4621
false	0.3497
false	0.4669
true	0.5782
false	0.3565
true	0.6295
false	0.4968
false	0.4596
false	0.3538
false	0.3467
false	0.3501
false	0.4792
true	0.6476
false	0.3648
false	0.4635
false	0.3637
false	0.3449
false	0.3487
false	0.4559
false	0.3459
false	0.4495
false	0.3563
false	0.3628
false	0.3567
false	0.3521
false	0.2475
false	0.3467
false	0.3525
false	0.4630
false	0.3488
false	0.3574
false	0.4781
false	0.3501
false	0.4851
false	0.3584
false	0.3567
false	0.3565
false	0.3476
false	0.3462
false	0.3519
false	0.3485
false	0.3637
false	0.3509
false	0.3453
false	0.3501
false	0.3496
false	0.3451
false	0.3452
false	0.3488
false	0.3566
false	0.3469
false	0.2494
false	0.3517
false	0.3444
false	0.3435
false	0.3503
false	0.3400
false	0.3470
false	0.3539
false	0.3468
false	0.3565
false	0.3533
false	0.3503
false	0.3528
false	0.3528
false	0.4690
false	0.4564
false	0.4781
false	0.4690
false	0.4663
false	0.4583
false	0.4723
false	0.4653
false	0.4727
false	0.4438
false	0.4526
false	0.4657
false	0.4660
false	0.4821
false	0.4649
false	0.4685
false	0.4597
false	0.4928
false	0.4620
false	0.4568
true	0.5860
false	0.4492
false	0.4519
false	0.4495
false	0.4658
true	0.6108
true	0.7034
false	0.4702
false	0.4570
false	0.4632
false	0.4592
false	0.4727
false	0.4653
false	0.4727
false	0.4677
false	0.4606
false	0.4724
false	0.4839
false	0.4754
false	0.4793
false	0.4834
false	0.4694
false	0.3472
false	0.3534
false	0.3627
false	0.3565
false	0.3673
false	0.3562
false	0.3563
false	0.3724
false	0.3729
false	0.3527
false	0.3586
false	0.3589
false	0.3502
false	0.3532
false	0.4976
false	0.3570
false	0.3562
false	0.3477
false	0.3565
false	0.3625
false	0.3624
false	0.3449
false	0.3521
false	0.3504
false	0.3521
false	0.3671
false	0.3535
false	0.3668
false	0.3547
