false	0.1802
false	0.3232
false	0.3916
false	0.2656
false	0.0769
false	0.1194
false	0.1090
false	0.0583
false	0.1802
false	0.3640
false	0.3916
false	0.3377
false	0.2890
false	0.1004
false	0.1115
false	0.4154
false	0.1085
false	0.1018
false	0.1309
false	0.3546
true	0.6275
false	0.3296
false	0.1306
false	0.4287
false	0.0514
false	0.2053
false	0.3377
true	0.5530
false	0.2562
false	0.1301
false	0.1213
false	0.1426
false	0.3593
true	0.8196
false	0.2382
false	0.2156
false	0.0562
false	0.0424
false	0.0509
false	0.2704
false	0.1956
false	0.0583
false	0.1026
false	0.0509
false	0.1213
true	0.8249
false	0.1529
false	0.1740
false	0.2057
false	0.1802
false	0.3432
false	0.1090
false	0.0899
false	0.1447
true	0.5763
false	0.3239
false	0.0529
true	0.9887
false	0.2428
false	0.2652
false	0.1343
false	0.2761
false	0.1512
false	0.0695
false	0.1449
false	0.1449
false	0.3200
false	0.1512
false	0.2179
false	0.1512
false	0.0877
false	0.1594
false	0.0384
false	0.0578
false	0.0606
false	0.0877
false	0.1786
false	0.3246
false	0.0640
false	0.3905
false	0.1052
false	0.3232
false	0.0384
false	0.0578
false	0.0426
false	0.1814
false	0.4988
false	0.2575
false	0.0695
false	0.2052
false	0.2795
true	0.5709
false	0.0640
false	0.1444
false	0.1391
false	0.4154
false	0.0158
false	0.4079
false	0.1046
false	0.1919
false	0.0592
false	0.1103
false	0.2096
false	0.1512
false	0.0240
false	0.1717
false	0.0606
false	0.4120
false	0.1414
false	0.1407
false	0.2973
false	0.1471
false	0.1291
false	0.0302
false	0.0352
false	0.1549
false	0.3457
false	0.1569
false	0.0426
false	0.3296
false	0.0402
false	0.1956
false	0.1295
false	0.2797
false	0.0606
false	0.0606
false	0.0128
false	0.1202
false	0.4450
false	0.1512
false	0.0659
false	0.2448
false	0.0695
false	0.1332
false	0.0402
false	0.1306
false	0.0878
false	0.0749
false	0.0592
false	0.0747
false	0.2052
false	0.1512
false	0.0302
false	0.0302
false	0.0942
false	0.1569
false	0.0322
false	0.0302
false	0.0302
false	0.0942
false	0.0979
false	0.1516
false	0.1364
false	0.1512
false	0.1364
false	0.1512
false	0.1950
false	0.1133
false	0.0704
false	0.0606
false	0.1950
false	0.0640
false	0.1883
false	0.2015
false	0.3277
false	0.4574
false	0.0384
false	0.3232
true	0.9971
false	0.0695
false	0.3685
false	0.0877
false	0.0659
false	0.0942
false	0.0704
false	0.1449
false	0.1669
false	0.0665
false	0.2436
false	0.1707
false	0.0695
false	0.0622
false	0.0747
false	0.0747
false	0.0578
false	0.0248
false	0.1815
false	0.2964
false	0.2541
false	0.1594
false	0.2989
true	0.5320
false	0.1849
false	0.0695
false	0.0622
false	0.1188
false	0.1802
false	0.4076
false	0.0769
false	0.1352
false	0.1084
false	0.1126
false	0.0606
false	0.0659
false	0.1007
false	0.1309
false	0.2135
false	0.1005
false	0.1512
false	0.2197
false	0.0659
false	0.1817
false	0.1001
false	0.2890
false	0.2750
false	0.1363
false	0.0240
false	0.1364
false	0.2197
false	0.0578
false	0.0322
false	0.0538
false	0.2404
false	0.0832
false	0.1426
true	0.5763
false	0.1326
false	0.1576
false	0.4027
false	0.1447
false	0.1426
false	0.1692
false	0.1532
false	0.2576
false	0.3552
false	0.1692
false	0.1439
true	0.6727
false	0.3512
false	0.1439
true	0.6629
false	0.1017
false	0.1439
false	0.0509
false	0.1431
false	0.1582
false	0.0509
false	0.3302
false	0.1213
false	0.3232
false	0.1802
false	0.4825
true	0.5778
true	0.5873
false	0.0248
false	0.4155
false	0.1391
true	0.6537
false	0.2576
false	0.0942
false	0.0942
true	0.7637
true	0.7973
true	0.5094
false	0.1829
false	0.0592
true	0.5247
false	0.1306
false	0.0196
false	0.2572
false	0.4759
false	0.3386
false	0.2554
false	0.1512
false	0.0640
false	0.1512
false	0.0659
false	0.2052
false	0.1918
false	0.1364
false	0.0461
false	0.2015
false	0.3110
false	0.1547
false	0.1652
true	0.6009
false	0.2052
false	0.0322
false	0.1014
false	0.1901
false	0.0240
false	0.0920
false	0.0963
false	0.1306
false	0.0371
false	0.1309
false	0.0402
false	0.1547
false	0.4154
false	0.2890
false	0.1484
false	0.1306
false	0.1447
false	0.0691
false	0.1379
false	0.0982
false	0.1044
true	0.6685
false	0.3877
false	0.0470
false	0.0673
false	0.2750
false	0.1004
false	0.1017
true	0.9219
true	0.5320
true	0.9636
true	0.5090
false	0.0562
false	0.3315
false	0.3646
false	0.1295
false	0.1026
false	0.1269
false	0.0404
false	0.0526
false	0.3302
false	0.1956
false	0.3082
false	0.0648
false	0.0562
false	0.2575
false	0.1426
false	0.0648
true	0.5183
false	0.4155
true	0.5183
true	0.7409
false	0.1309
false	0.1348
false	0.1802
false	0.2211
false	0.1326
false	0.1670
false	0.0693
false	0.0693
false	0.0538
false	0.0396
false	0.0787
false	0.0979
false	0.1047
false	0.0723
false	0.1395
false	0.1111
false	0.1343
false	0.0422
false	0.1487
false	0.2094
false	0.1512
false	0.0877
false	0.2905
false	0.1311
false	0.0673
false	0.0538
false	0.0325
false	0.0476
false	0.2655
false	0.4635
false	0.0627
true	0.9090
true	0.8847
true	0.9871
false	0.1579
true	0.7674
false	0.2112
true	0.8935
true	0.6129
true	0.7275
true	0.7314
false	0.0868
true	0.8200
false	0.1601
true	0.9555
false	0.1439
true	0.8881
true	0.8976
true	0.9868
false	0.2179
true	0.7868
true	0.8700
false	0.0721
true	0.9065
false	0.4403
false	0.4985
true	0.7952
true	0.5604
true	0.7467
true	0.6501
true	0.8087
true	0.7843
true	0.6548
true	0.7182
true	0.7115
true	0.9309
true	0.5495
true	0.7673
true	0.6222
true	0.7532
true	0.7467
false	0.3320
false	0.2521
false	0.0606
false	0.3582
false	0.0606
false	0.0606
false	0.3621
false	0.4155
false	0.1492
false	0.1029
false	0.1213
false	0.2211
false	0.3787
false	0.1569
false	0.0737
true	0.6501
false	0.0240
false	0.4062
false	0.2964
false	0.3277
false	0.0578
true	0.6279
false	0.4240
false	0.0756
false	0.0930
false	0.2179
false	0.0595
false	0.0248
false	0.4481
false	0.1512
false	0.0622
false	0.2986
false	0.0879
false	0.0955
false	0.0372
false	0.2795
false	0.1306
false	0.1657
false	0.1692
false	0.0196
false	0.1426
false	0.1306
false	0.1591
false	0.1391
false	0.1311
false	0.1426
false	0.0920
false	0.1950
false	0.1326
true	0.6035
false	0.0455
false	0.0686
true	0.7613
false	0.0562
true	0.9504
true	0.7529
false	0.2944
true	0.6726
true	0.6412
false	0.3814
false	0.1507
false	0.1447
false	0.1213
false	0.1058
false	0.0535
false	0.1213
true	0.5050
false	0.3983
false	0.1326
false	0.1326
false	0.4154
false	0.4154
false	0.4173
true	0.5094
false	0.1692
false	0.1447
true	0.7758
false	0.1426
false	0.2052
false	0.1487
false	0.0240
false	0.0877
false	0.0640
false	0.1512
false	0.2554
false	0.2554
true	0.6875
false	0.1507
false	0.0606
false	0.1868
false	0.1594
false	0.1311
false	0.0158
false	0.0196
false	0.4155
false	0.0695
false	0.1487
false	0.0877
false	0.1652
false	0.2197
false	0.1868
false	0.1735
false	0.1439
false	0.1449
false	0.2562
false	0.0911
false	0.3369
true	0.7699
true	0.7101
false	0.2211
false	0.4127
true	0.5833
false	0.4726
false	0.2989
false	0.2537
false	0.1405
false	0.3844
false	0.1309
false	0.1919
true	0.8013
false	0.2266
false	0.4355
true	0.8021
false	0.3258
false	0.3176
true	0.7339
true	0.8691
false	0.1249
true	0.8447
true	0.6741
false	0.2376
false	0.2141
true	0.9033
true	0.8195
true	0.8930
true	0.7350
true	0.9009
true	0.7142
false	0.0918
true	0.6031
true	0.8799
false	0.3951
true	0.6776
true	0.8647
true	0.7101
true	0.9722
true	0.5267
true	0.9792
false	0.2799
true	0.5891
false	0.0513
false	0.0384
false	0.3787
false	0.3277
false	0.3805
false	0.1802
false	0.1518
false	0.1348
false	0.2053
true	0.5283
false	0.0621
false	0.2327
false	0.1046
false	0.2761
false	0.1439
false	0.2179
false	0.1492
false	0.1447
false	0.0648
false	0.1311
false	0.0196
false	0.0920
false	0.0920
false	0.0560
false	0.0936
false	0.0947
false	0.4079
false	0.0302
true	0.5796
false	0.0979
false	0.1378
true	0.6817
false	0.2376
false	0.0578
true	0.8237
false	0.2376
false	0.2005
false	0.0853
false	0.1343
false	0.1111
false	0.3320
false	0.2005
false	0.0640
false	0.0622
true	0.7366
false	0.2179
false	0.1103
false	0.1735
false	0.1786
false	0.0877
false	0.0640
false	0.1487
false	0.0878
false	0.0158
true	0.6299
false	0.1594
false	0.0570
false	0.1529
false	0.1343
false	0.1343
true	0.6637
false	0.1512
false	0.0695
false	0.1052
false	0.2376
false	0.1620
false	0.0299
false	0.1449
false	0.2799
true	0.9452
true	0.6139
false	0.1316
false	0.1125
true	0.5613
false	0.0853
true	0.8121
true	0.6681
true	0.9052
false	0.4440
true	0.8263
true	0.6107
false	0.1346
true	0.5071
false	0.3263
true	0.9354
false	0.1004
false	0.4987
true	0.8452
true	0.7630
true	0.5324
false	0.2743
true	0.6802
false	0.0574
false	0.1986
false	0.2057
false	0.3546
false	0.1348
false	0.4389
false	0.1326
false	0.3420
false	0.0920
false	0.2430
false	0.1213
false	0.1802
false	0.1044
false	0.1465
false	0.4426
false	0.0551
false	0.3279
false	0.0910
false	0.0910
false	0.1532
false	0.2960
false	0.1165
false	0.0645
false	0.1574
false	0.1426
false	0.1306
false	0.1326
false	0.1426
true	0.8358
true	0.7338
true	0.5094
true	0.9744
false	0.4154
true	0.9145
true	0.6134
true	0.6479
false	0.0758
false	0.0540
true	0.6889
false	0.1766
false	0.1991
true	0.6023
true	0.9927
true	0.9837
true	0.8655
false	0.4856
false	0.1342
false	0.0526
true	0.8518
true	0.7018
false	0.2341
false	0.4379
false	0.2292
true	0.9540
false	0.1295
false	0.0302
false	0.0384
false	0.2795
false	0.0248
false	0.1815
false	0.0877
false	0.3246
false	0.2554
false	0.1512
false	0.3246
false	0.0302
false	0.4155
false	0.0592
false	0.0622
true	0.5229
false	0.0695
false	0.0640
false	0.0659
false	0.2554
false	0.3095
false	0.0640
false	0.0622
false	0.0942
false	0.1492
false	0.4463
false	0.2147
false	0.2575
false	0.1370
false	0.1918
false	0.0695
false	0.1126
false	0.1364
false	0.0640
false	0.1652
false	0.1918
false	0.4905
false	0.1652
true	0.6030
false	0.4481
false	0.1918
false	0.0877
false	0.0640
false	0.2448
true	0.6392
false	0.2905
false	0.1918
false	0.1591
false	0.1918
true	0.5305
false	0.0659
false	0.1201
true	0.8774
true	0.7579
false	0.1017
false	0.2428
true	0.6977
false	0.4463
false	0.3552
false	0.1426
false	0.1326
false	0.0936
false	0.1670
false	0.4173
false	0.2936
true	0.8101
false	0.1339
false	0.1059
false	0.0921
true	0.8727
false	0.1699
true	0.5739
false	0.0982
false	0.0660
true	0.6817
false	0.3424
false	0.2311
false	0.0599
false	0.0377
false	0.0946
false	0.2733
false	0.1802
false	0.1348
false	0.1918
false	0.2537
false	0.0982
false	0.1309
false	0.1802
false	0.1956
false	0.2986
false	0.0562
false	0.0953
false	0.1201
false	0.3406
false	0.0936
false	0.4733
false	0.1969
false	0.0752
false	0.1326
false	0.0928
false	0.0940
false	0.1042
false	0.1512
false	0.1512
false	0.3640
false	0.1188
false	0.0322
false	0.1188
false	0.0248
false	0.1815
false	0.0578
false	0.3212
false	0.0836
false	0.1786
false	0.0622
false	0.2179
false	0.0158
false	0.0302
false	0.0196
false	0.0597
false	0.1111
false	0.0546
false	0.1492
false	0.1103
false	0.1364
false	0.1512
false	0.1487
false	0.1868
true	0.7598
false	0.2989
true	0.5604
false	0.2989
false	0.0982
true	0.5604
true	0.9045
false	0.1426
true	0.7901
false	0.2171
true	0.5360
false	0.0837
false	0.0837
false	0.0614
false	0.2989
true	0.9872
false	0.2211
true	0.9334
false	0.2211
false	0.3232
false	0.3640
false	0.4062
false	0.1295
true	0.7619
false	0.0877
false	0.0877
false	0.1512
false	0.1512
false	0.0606
false	0.2015
false	0.2964
false	0.1594
false	0.0747
false	0.2052
false	0.1594
false	0.0878
false	0.4221
false	0.0695
false	0.0640
false	0.1652
false	0.1722
false	0.1868
false	0.1364
false	0.1512
false	0.0640
false	0.0240
false	0.0836
false	0.1487
false	0.1001
false	0.1639
false	0.0673
false	0.1342
true	0.5674
true	0.5105
false	0.0267
false	0.1802
false	0.0982
false	0.1269
false	0.1026
false	0.0538
false	0.0695
false	0.0695
false	0.0622
false	0.0877
false	0.0622
false	0.2179
false	0.1722
false	0.1639
false	0.0508
true	0.9119
false	0.1439
true	0.8133
false	0.1295
false	0.1121
false	0.2127
false	0.4463
false	0.1439
false	0.1708
false	0.0531
true	0.5162
false	0.4154
false	0.1326
false	0.4463
true	0.5183
false	0.0529
false	0.0398
true	0.9188
true	0.6899
true	0.9477
false	0.2318
false	0.4002
false	0.2948
false	0.1543
true	0.9836
true	0.7311
true	0.8351
false	0.0744
false	0.4774
false	0.1368
false	0.4910
true	0.7677
false	0.1608
true	0.8150
true	0.6684
false	0.1608
true	0.9354
false	0.3502
true	0.6006
true	0.7843
false	0.2989
false	0.0745
false	0.0879
false	0.1620
false	0.0704
false	0.1620
false	0.0640
false	0.0756
false	0.0756
true	0.5084
false	0.4930
false	0.2410
false	0.0877
false	0.1786
false	0.0877
true	0.6196
false	0.2052
false	0.0877
false	0.0781
false	0.0704
false	0.1133
false	0.0704
false	0.0879
false	0.1620
false	0.0781
false	0.1133
false	0.0704
false	0.1133
false	0.0704
false	0.0745
