false	0.0846
false	0.0525
false	0.0812
false	0.0745
false	0.0771
false	0.1257
false	0.0764
false	0.0982
false	0.1456
false	0.1361
false	0.0852
false	0.4111
false	0.0560
false	0.0507
false	0.2671
false	0.2412
false	0.3366
false	0.0711
false	0.0842
false	0.2438
false	0.1970
false	0.1060
false	0.0525
true	0.6103
false	0.0722
false	0.2184
false	0.3029
true	0.8000
false	0.0638
false	0.0889
false	0.0739
false	0.0835
false	0.4106
true	0.5491
false	0.0928
false	0.1217
false	0.0739
false	0.0556
false	0.0499
false	0.0795
false	0.0628
false	0.0609
false	0.0569
false	0.0747
false	0.0510
true	0.6403
false	0.0707
false	0.3960
true	0.5198
false	0.1033
false	0.4600
false	0.0521
false	0.1366
false	0.0700
false	0.2355
false	0.0793
false	0.0604
true	0.6635
false	0.1068
false	0.4493
false	0.0431
false	0.0543
false	0.0512
false	0.0695
false	0.0481
false	0.0866
false	0.0642
false	0.0430
false	0.2229
false	0.0647
false	0.0646
false	0.0613
false	0.1326
false	0.1184
false	0.0414
false	0.1981
false	0.1368
false	0.0439
false	0.0316
false	0.3669
false	0.0843
false	0.1902
false	0.1002
false	0.0937
false	0.0638
false	0.1030
false	0.2842
false	0.1343
false	0.0723
false	0.2131
false	0.0593
false	0.0915
false	0.0695
false	0.3413
false	0.3610
false	0.3352
false	0.0783
true	0.5096
false	0.1812
true	0.5524
false	0.0805
false	0.1161
false	0.0761
false	0.0447
false	0.0922
false	0.0407
false	0.0546
true	0.5062
false	0.0596
false	0.0794
false	0.0844
false	0.0903
false	0.1562
false	0.0367
false	0.0318
false	0.0608
false	0.0566
false	0.0504
false	0.0371
false	0.3137
false	0.0574
false	0.0760
false	0.0445
false	0.0385
false	0.0310
false	0.0385
false	0.0433
false	0.0411
false	0.1635
false	0.0690
false	0.0668
false	0.0874
false	0.0455
false	0.0865
false	0.0433
false	0.0638
false	0.0604
false	0.0815
false	0.0502
false	0.0357
false	0.0572
false	0.0429
false	0.1166
false	0.0524
false	0.0529
true	0.5677
false	0.2663
false	0.0657
false	0.2828
false	0.1129
false	0.1191
false	0.0655
false	0.3984
false	0.0560
false	0.4024
false	0.2485
false	0.0607
false	0.2356
false	0.1407
false	0.1792
false	0.2625
false	0.0606
false	0.0856
false	0.1033
false	0.1897
false	0.2133
false	0.1170
false	0.3719
true	0.9123
false	0.1156
false	0.0635
false	0.0675
false	0.0768
false	0.0658
false	0.0835
false	0.2354
false	0.1846
false	0.2490
false	0.1085
false	0.1199
false	0.0462
false	0.0498
false	0.0883
false	0.1293
false	0.0529
false	0.0479
false	0.0365
false	0.0404
false	0.0341
false	0.0772
false	0.1780
false	0.2357
false	0.0681
false	0.0745
false	0.0566
false	0.0489
false	0.1583
false	0.0563
false	0.0404
false	0.0333
false	0.0378
false	0.0566
false	0.0295
false	0.1022
false	0.0432
false	0.0445
false	0.0717
false	0.1081
false	0.0454
false	0.0597
false	0.0413
false	0.0490
false	0.0476
false	0.2083
false	0.1159
false	0.0683
false	0.0476
false	0.0536
false	0.0754
false	0.0824
false	0.0702
false	0.0468
false	0.0450
false	0.1739
false	0.0889
true	0.5385
false	0.1033
false	0.1136
false	0.3463
false	0.0911
false	0.1869
false	0.1531
false	0.1040
false	0.4812
false	0.1981
false	0.1524
false	0.0573
false	0.0869
true	0.6425
false	0.0634
false	0.2588
false	0.0509
false	0.0529
false	0.0583
false	0.2381
false	0.4184
false	0.1306
false	0.1947
false	0.0975
false	0.0927
false	0.1563
false	0.4201
false	0.2246
false	0.4974
false	0.0500
false	0.3769
false	0.3069
false	0.4551
false	0.3079
false	0.1564
false	0.0687
false	0.1337
true	0.8075
false	0.1882
false	0.1794
false	0.0734
true	0.7740
false	0.1331
false	0.0564
false	0.3870
true	0.5965
false	0.2402
false	0.2071
false	0.0402
false	0.1382
false	0.1547
false	0.1727
false	0.4882
false	0.4137
false	0.3579
false	0.0705
false	0.0949
false	0.0527
false	0.1150
false	0.0384
false	0.0404
false	0.0333
false	0.0361
false	0.0684
false	0.2635
false	0.0761
false	0.0670
false	0.0721
false	0.0330
false	0.0418
false	0.1422
false	0.0852
false	0.0593
false	0.4478
false	0.0502
false	0.0669
false	0.2645
false	0.1501
true	0.5823
false	0.0553
false	0.0663
false	0.0472
false	0.4195
false	0.1665
false	0.1861
false	0.1649
false	0.0555
false	0.0531
false	0.0499
true	0.8807
false	0.1258
false	0.2578
true	0.6510
false	0.3264
false	0.1176
false	0.1220
false	0.0446
false	0.0504
false	0.0950
false	0.0488
false	0.0676
false	0.0715
false	0.0673
false	0.1433
false	0.3072
false	0.1256
false	0.1381
false	0.0407
false	0.1195
true	0.8420
false	0.2266
true	0.8331
true	0.6600
false	0.0572
false	0.1890
true	0.9216
false	0.0559
false	0.0431
false	0.0487
false	0.1220
false	0.0743
false	0.0592
false	0.0628
false	0.0503
false	0.0771
false	0.0813
false	0.3543
false	0.0667
false	0.0502
false	0.0628
false	0.0382
false	0.0517
false	0.4506
false	0.0474
false	0.0631
false	0.0369
false	0.0665
false	0.0692
false	0.0376
false	0.0469
false	0.0562
false	0.0536
true	0.8506
true	0.8159
true	0.8999
true	0.9411
true	0.9122
false	0.1380
true	0.9106
false	0.0591
true	0.5475
true	0.7511
true	0.8062
false	0.1001
false	0.1023
false	0.4270
false	0.0784
true	0.8902
false	0.1301
true	0.8736
true	0.9211
true	0.8815
false	0.3724
true	0.7421
true	0.9281
false	0.0663
true	0.7462
true	0.7656
true	0.5996
true	0.9036
false	0.2006
true	0.7064
true	0.7654
true	0.8864
true	0.5979
false	0.3893
true	0.8357
true	0.7832
true	0.8951
true	0.9307
false	0.3520
true	0.6288
false	0.4219
false	0.2501
true	0.6576
true	0.5844
false	0.0385
true	0.8583
false	0.0407
false	0.0375
true	0.8316
true	0.5501
false	0.0572
false	0.1843
true	0.7317
false	0.1200
true	0.6404
false	0.0608
false	0.1384
true	0.8343
false	0.0517
false	0.4011
false	0.1157
false	0.0577
false	0.0769
false	0.0426
false	0.0359
false	0.0666
false	0.0627
false	0.0415
false	0.0935
false	0.1284
false	0.1944
false	0.0404
false	0.0449
false	0.1530
false	0.0976
false	0.0644
false	0.0416
false	0.0672
false	0.1231
false	0.1504
false	0.1492
false	0.0535
false	0.1826
false	0.0493
false	0.0633
false	0.0494
false	0.0783
false	0.0502
false	0.0516
false	0.0746
false	0.0356
false	0.1382
false	0.0356
false	0.0458
true	0.7091
false	0.1246
true	0.8316
false	0.2566
false	0.2671
false	0.1577
false	0.3121
true	0.9163
true	0.6802
false	0.0700
false	0.0354
false	0.0499
false	0.0731
false	0.0469
false	0.2019
false	0.2790
false	0.0514
false	0.0744
false	0.1142
true	0.7580
false	0.1088
false	0.4530
false	0.0911
false	0.1235
false	0.4608
false	0.1128
false	0.0773
false	0.2797
false	0.0681
false	0.0421
false	0.0422
false	0.0684
false	0.0390
false	0.0741
false	0.1577
false	0.2232
false	0.0372
false	0.1789
false	0.0840
false	0.0550
false	0.0635
false	0.1288
false	0.0880
false	0.5000
false	0.0679
false	0.0917
false	0.4318
false	0.1543
true	0.6586
false	0.0751
false	0.1261
false	0.0448
false	0.1811
false	0.0716
false	0.0539
false	0.1908
false	0.1396
false	0.1235
false	0.0769
false	0.2339
false	0.1054
false	0.2336
true	0.5621
false	0.2582
false	0.1601
false	0.1857
false	0.0495
false	0.3424
false	0.1184
false	0.1369
false	0.1609
false	0.2976
true	0.7166
true	0.8699
true	0.8634
true	0.8697
true	0.9391
true	0.9119
true	0.6031
true	0.6282
true	0.9080
true	0.9200
true	0.9257
true	0.9025
true	0.9171
true	0.9271
true	0.7276
true	0.9209
true	0.8867
true	0.8811
true	0.9171
true	0.7894
true	0.9161
true	0.9303
true	0.8882
true	0.9424
true	0.9205
true	0.9051
false	0.0539
false	0.0352
false	0.1220
false	0.1944
false	0.1964
false	0.0489
false	0.0774
false	0.2536
true	0.8675
true	0.9027
false	0.0392
false	0.0887
false	0.0366
false	0.3111
false	0.0639
false	0.1359
false	0.1122
false	0.1350
false	0.2082
false	0.3596
false	0.0603
false	0.0915
false	0.0761
false	0.1451
false	0.4762
false	0.0897
true	0.8846
false	0.1379
true	0.7231
false	0.1528
true	0.8825
true	0.6044
false	0.1718
false	0.2807
true	0.9115
false	0.3339
false	0.1591
false	0.1726
false	0.0631
false	0.0790
false	0.1656
false	0.1457
false	0.1887
false	0.1106
true	0.7828
false	0.3148
false	0.2152
false	0.3344
false	0.4081
false	0.1352
false	0.0887
false	0.1798
false	0.0905
false	0.0639
false	0.4832
false	0.0688
false	0.0616
false	0.1308
false	0.1079
false	0.0663
false	0.2302
false	0.0511
false	0.0445
false	0.1201
false	0.1003
false	0.0528
false	0.0702
false	0.0562
false	0.0731
true	0.8273
true	0.5330
true	0.7545
true	0.5294
true	0.8200
true	0.7561
true	0.7310
false	0.4011
true	0.9118
true	0.8034
true	0.7260
true	0.9068
false	0.2861
true	0.8866
true	0.8820
true	0.9181
false	0.4910
false	0.4396
true	0.8366
false	0.1879
true	0.8160
false	0.2388
true	0.9035
false	0.0697
false	0.1419
false	0.2533
false	0.0800
false	0.1179
false	0.0783
false	0.0526
false	0.2223
false	0.0922
false	0.0438
false	0.0815
false	0.0635
false	0.0887
false	0.0494
false	0.0667
false	0.0502
false	0.0482
false	0.0884
false	0.0710
false	0.0728
false	0.0588
false	0.0686
false	0.0489
false	0.0836
false	0.0680
false	0.0775
false	0.0340
false	0.0749
true	0.7427
true	0.8330
false	0.0822
true	0.8481
false	0.1918
true	0.5828
true	0.7577
true	0.8648
false	0.1997
false	0.1159
false	0.4631
true	0.6561
false	0.3319
true	0.8688
true	0.6601
true	0.7692
true	0.8056
false	0.4880
false	0.0864
false	0.0631
false	0.2037
false	0.4482
true	0.5350
false	0.3474
false	0.0605
true	0.7058
false	0.0514
false	0.1122
false	0.1179
false	0.0840
false	0.0745
false	0.0711
false	0.1770
true	0.5778
false	0.3132
false	0.1184
false	0.2452
false	0.1017
true	0.6876
false	0.1251
false	0.1587
false	0.3757
false	0.1710
false	0.0462
false	0.0390
false	0.0614
false	0.3449
false	0.2108
false	0.1310
false	0.0360
false	0.2817
false	0.1396
false	0.3107
false	0.1095
false	0.2273
false	0.0635
false	0.1074
false	0.1097
false	0.0909
false	0.0887
false	0.0605
false	0.0556
false	0.1214
false	0.2894
true	0.6538
false	0.4921
false	0.1984
false	0.1325
false	0.0591
false	0.2786
false	0.2762
false	0.1475
false	0.2105
false	0.2431
false	0.2935
false	0.1914
false	0.0685
false	0.0911
false	0.1157
false	0.0521
false	0.0491
false	0.0444
false	0.0529
false	0.0515
false	0.0575
false	0.1256
false	0.0581
false	0.0718
false	0.0661
false	0.1290
false	0.0641
true	0.6242
false	0.0981
false	0.0824
false	0.1099
true	0.6747
false	0.1718
false	0.0751
false	0.0705
false	0.0467
false	0.0411
false	0.0817
false	0.0646
false	0.1182
false	0.0982
false	0.0430
false	0.0369
false	0.0954
false	0.1799
true	0.8432
true	0.7408
false	0.0542
false	0.0556
false	0.0488
false	0.1843
false	0.2098
false	0.0950
false	0.0782
false	0.1451
false	0.1519
false	0.0584
false	0.2057
false	0.0927
false	0.0572
false	0.1328
false	0.1285
false	0.0769
false	0.0889
false	0.0464
false	0.0647
false	0.0588
false	0.0442
false	0.0374
false	0.0413
false	0.0388
false	0.0649
false	0.0645
false	0.0433
false	0.2402
false	0.1715
false	0.1065
false	0.0433
false	0.0676
false	0.0642
false	0.0515
false	0.0787
false	0.0746
false	0.0934
false	0.0990
false	0.0570
false	0.0451
false	0.0490
false	0.0468
false	0.0619
false	0.1877
false	0.1297
true	0.5553
false	0.1779
false	0.1130
false	0.3255
false	0.2153
false	0.0473
false	0.3954
false	0.0674
false	0.1461
false	0.1035
false	0.0540
false	0.0646
false	0.3442
true	0.7369
false	0.0878
true	0.5770
false	0.1447
false	0.1285
false	0.1250
false	0.2193
false	0.1147
false	0.3385
false	0.0609
false	0.1953
false	0.2119
false	0.0506
false	0.0391
false	0.0540
false	0.0613
false	0.1287
false	0.0742
false	0.4216
false	0.2277
false	0.1395
false	0.2890
true	0.5133
false	0.1192
false	0.4710
false	0.1107
false	0.1002
false	0.1756
false	0.0812
false	0.0683
false	0.0815
false	0.0382
false	0.1288
false	0.2322
false	0.0662
false	0.1709
false	0.0984
false	0.2665
false	0.0324
false	0.0495
false	0.0713
false	0.0592
false	0.0544
false	0.0406
false	0.0405
false	0.1227
false	0.0835
false	0.0931
false	0.0695
false	0.1072
false	0.2074
false	0.0919
false	0.0431
false	0.2744
false	0.4156
false	0.0474
false	0.1358
false	0.3053
false	0.0625
false	0.3292
false	0.0790
false	0.0602
false	0.0542
false	0.0592
true	0.7048
false	0.1837
false	0.4375
false	0.0996
false	0.4920
false	0.0561
false	0.1652
true	0.6185
false	0.3981
true	0.8849
false	0.1808
false	0.1820
false	0.4296
false	0.2043
true	0.9237
false	0.4702
false	0.2929
false	0.1991
false	0.1165
false	0.2760
false	0.1278
false	0.1561
false	0.3261
true	0.6987
true	0.7316
false	0.2526
true	0.9061
false	0.3931
false	0.2354
true	0.6917
false	0.2051
false	0.0507
false	0.0681
false	0.0693
false	0.0789
false	0.0577
false	0.0890
false	0.0683
false	0.0723
false	0.3304
false	0.1279
false	0.3855
false	0.0730
false	0.0431
false	0.0510
false	0.2272
false	0.0347
false	0.0635
false	0.0410
false	0.0352
false	0.0402
false	0.0428
false	0.0610
false	0.0461
false	0.0524
false	0.0551
false	0.0704
false	0.0414
false	0.0581
false	0.0873
